2014/06/26 16:30:51 [error] [php] Use of undefined constant dasldja - assumed 'dasldja' (/var/www/yii/projectsima/protected/modules/ServiciosInstitucionales/modules/Sistemas/controllers/OrdenesSoporteController.php:322)
Stack trace:
#0 /var/www/yii/framework/web/filters/CFilterChain.php(133): OrdenesSoporteController->runAction()
#1 /var/www/yii/projectsima/protected/modules/cruge/components/CrugeAccessControlFilter.php(90): CFilterChain->run()
#2 /var/www/yii/framework/web/filters/CFilter.php(38): CrugeAccessControlFilter->preFilter()
#3 /var/www/yii/framework/web/filters/CFilterChain.php(130): CrugeAccessControlFilter->filter()
#4 /var/www/yii/framework/web/CController.php(291): CFilterChain->run()
#5 /var/www/yii/framework/web/CController.php(265): OrdenesSoporteController->runActionWithFilters()
#6 /var/www/yii/framework/web/CWebApplication.php(282): OrdenesSoporteController->run()
#7 /var/www/yii/framework/web/CWebApplication.php(141): CWebApplication->runController()
#8 /var/www/yii/framework/base/CApplication.php(169): CWebApplication->processRequest()
#9 /var/www/yii/projectsima/index.php(13): CWebApplication->run()
REQUEST_URI=/yii/projectsima/index.php?r=ServiciosInstitucionales/Sistemas/OrdenesSoporte/activarOrden
in /var/www/yii/projectsima/protected/modules/ServiciosInstitucionales/modules/Sistemas/controllers/OrdenesSoporteController.php (322)
in /var/www/yii/projectsima/protected/modules/cruge/components/CrugeAccessControlFilter.php (90)
in /var/www/yii/projectsima/index.php (13)
2014/06/26 16:47:11 [error] [php] Undefined index: id (/var/www/yii/projectsima/protected/modules/ServiciosInstitucionales/modules/Sistemas/controllers/OrdenesSoporteController.php:305)
Stack trace:
#0 /var/www/yii/framework/web/filters/CFilterChain.php(133): OrdenesSoporteController->runAction()
#1 /var/www/yii/projectsima/protected/modules/cruge/components/CrugeAccessControlFilter.php(90): CFilterChain->run()
#2 /var/www/yii/framework/web/filters/CFilter.php(38): CrugeAccessControlFilter->preFilter()
#3 /var/www/yii/framework/web/filters/CFilterChain.php(130): CrugeAccessControlFilter->filter()
#4 /var/www/yii/framework/web/CController.php(291): CFilterChain->run()
#5 /var/www/yii/framework/web/CController.php(265): OrdenesSoporteController->runActionWithFilters()
#6 /var/www/yii/framework/web/CWebApplication.php(282): OrdenesSoporteController->run()
#7 /var/www/yii/framework/web/CWebApplication.php(141): CWebApplication->runController()
#8 /var/www/yii/framework/base/CApplication.php(169): CWebApplication->processRequest()
#9 /var/www/yii/projectsima/index.php(13): CWebApplication->run()
REQUEST_URI=/yii/projectsima/index.php?r=ServiciosInstitucionales/Sistemas/OrdenesSoporte/activarOrden
in /var/www/yii/projectsima/protected/modules/ServiciosInstitucionales/modules/Sistemas/controllers/OrdenesSoporteController.php (305)
in /var/www/yii/projectsima/protected/modules/cruge/components/CrugeAccessControlFilter.php (90)
in /var/www/yii/projectsima/index.php (13)
2014/06/26 16:50:47 [error] [php] Trying to get property of non-object (/var/www/yii/projectsima/protected/modules/ServiciosInstitucionales/modules/Sistemas/controllers/OrdenesSoporteController.php:308)
Stack trace:
#0 /var/www/yii/framework/web/filters/CFilterChain.php(133): OrdenesSoporteController->runAction()
#1 /var/www/yii/projectsima/protected/modules/cruge/components/CrugeAccessControlFilter.php(90): CFilterChain->run()
#2 /var/www/yii/framework/web/filters/CFilter.php(38): CrugeAccessControlFilter->preFilter()
#3 /var/www/yii/framework/web/filters/CFilterChain.php(130): CrugeAccessControlFilter->filter()
#4 /var/www/yii/framework/web/CController.php(291): CFilterChain->run()
#5 /var/www/yii/framework/web/CController.php(265): OrdenesSoporteController->runActionWithFilters()
#6 /var/www/yii/framework/web/CWebApplication.php(282): OrdenesSoporteController->run()
#7 /var/www/yii/framework/web/CWebApplication.php(141): CWebApplication->runController()
#8 /var/www/yii/framework/base/CApplication.php(169): CWebApplication->processRequest()
#9 /var/www/yii/projectsima/index.php(13): CWebApplication->run()
REQUEST_URI=/yii/projectsima/index.php?r=ServiciosInstitucionales/Sistemas/OrdenesSoporte/activarOrden
in /var/www/yii/projectsima/protected/modules/ServiciosInstitucionales/modules/Sistemas/controllers/OrdenesSoporteController.php (308)
in /var/www/yii/projectsima/protected/modules/cruge/components/CrugeAccessControlFilter.php (90)
in /var/www/yii/projectsima/index.php (13)
2014/06/26 17:03:52 [error] [php] Undefined variable: model (/var/www/yii/projectsima/protected/modules/ServiciosInstitucionales/modules/Sistemas/views/ordenesSoporte/_formmin.php:37)
Stack trace:
#0 /var/www/yii/framework/web/CController.php(869): OrdenesSoporteController->renderFile()
#1 /var/www/yii/framework/web/CController.php(782): OrdenesSoporteController->renderPartial()
#2 /var/www/yii/projectsima/protected/modules/ServiciosInstitucionales/modules/Sistemas/controllers/OrdenesSoporteController.php(217): OrdenesSoporteController->render()
#3 /var/www/yii/framework/web/actions/CInlineAction.php(49): OrdenesSoporteController->actionAdmin()
#4 /var/www/yii/framework/web/CController.php(308): CInlineAction->runWithParams()
#5 /var/www/yii/framework/web/filters/CFilterChain.php(133): OrdenesSoporteController->runAction()
#6 /var/www/yii/projectsima/protected/modules/cruge/components/CrugeAccessControlFilter.php(90): CFilterChain->run()
#7 /var/www/yii/framework/web/filters/CFilter.php(38): CrugeAccessControlFilter->preFilter()
#8 /var/www/yii/framework/web/filters/CFilterChain.php(130): CrugeAccessControlFilter->filter()
#9 /var/www/yii/framework/web/CController.php(291): CFilterChain->run()
#10 /var/www/yii/framework/web/CController.php(265): OrdenesSoporteController->runActionWithFilters()
#11 /var/www/yii/framework/web/CWebApplication.php(282): OrdenesSoporteController->run()
#12 /var/www/yii/framework/web/CWebApplication.php(141): CWebApplication->runController()
#13 /var/www/yii/framework/base/CApplication.php(169): CWebApplication->processRequest()
#14 /var/www/yii/projectsima/index.php(13): CWebApplication->run()
REQUEST_URI=/yii/projectsima/index.php?r=ServiciosInstitucionales/Sistemas/OrdenesSoporte/admin
in /var/www/yii/projectsima/protected/modules/ServiciosInstitucionales/modules/Sistemas/views/ordenesSoporte/_formmin.php (37)
in /var/www/yii/projectsima/protected/modules/ServiciosInstitucionales/modules/Sistemas/controllers/OrdenesSoporteController.php (217)
in /var/www/yii/projectsima/protected/modules/cruge/components/CrugeAccessControlFilter.php (90)
2014/06/26 17:04:29 [error] [php] Undefined variable: model (/var/www/yii/projectsima/protected/modules/ServiciosInstitucionales/modules/Sistemas/views/ordenesSoporte/_formmin.php:37)
Stack trace:
#0 /var/www/yii/framework/web/CController.php(869): OrdenesSoporteController->renderFile()
#1 /var/www/yii/framework/web/CController.php(782): OrdenesSoporteController->renderPartial()
#2 /var/www/yii/projectsima/protected/modules/ServiciosInstitucionales/modules/Sistemas/controllers/OrdenesSoporteController.php(218): OrdenesSoporteController->render()
#3 /var/www/yii/framework/web/actions/CInlineAction.php(49): OrdenesSoporteController->actionAdmin()
#4 /var/www/yii/framework/web/CController.php(308): CInlineAction->runWithParams()
#5 /var/www/yii/framework/web/filters/CFilterChain.php(133): OrdenesSoporteController->runAction()
#6 /var/www/yii/projectsima/protected/modules/cruge/components/CrugeAccessControlFilter.php(90): CFilterChain->run()
#7 /var/www/yii/framework/web/filters/CFilter.php(38): CrugeAccessControlFilter->preFilter()
#8 /var/www/yii/framework/web/filters/CFilterChain.php(130): CrugeAccessControlFilter->filter()
#9 /var/www/yii/framework/web/CController.php(291): CFilterChain->run()
#10 /var/www/yii/framework/web/CController.php(265): OrdenesSoporteController->runActionWithFilters()
#11 /var/www/yii/framework/web/CWebApplication.php(282): OrdenesSoporteController->run()
#12 /var/www/yii/framework/web/CWebApplication.php(141): CWebApplication->runController()
#13 /var/www/yii/framework/base/CApplication.php(169): CWebApplication->processRequest()
#14 /var/www/yii/projectsima/index.php(13): CWebApplication->run()
REQUEST_URI=/yii/projectsima/index.php?r=ServiciosInstitucionales/Sistemas/OrdenesSoporte/admin
in /var/www/yii/projectsima/protected/modules/ServiciosInstitucionales/modules/Sistemas/views/ordenesSoporte/_formmin.php (37)
in /var/www/yii/projectsima/protected/modules/ServiciosInstitucionales/modules/Sistemas/controllers/OrdenesSoporteController.php (218)
in /var/www/yii/projectsima/protected/modules/cruge/components/CrugeAccessControlFilter.php (90)
2014/07/01 15:44:16 [error] [exception.CHttpException.404] exception 'CHttpException' with message 'No es posible resolver la solicitud "Configuracion/Usuarios/UsuariosSima/admin"' in /var/www/yii/framework/web/CWebApplication.php:286
Stack trace:
#0 /var/www/yii/framework/web/CWebApplication.php(141): CWebApplication->runController('Configuracion/U...')
#1 /var/www/yii/framework/base/CApplication.php(169): CWebApplication->processRequest()
#2 /var/www/yii/projectsima/index.php(13): CApplication->run()
#3 {main}
REQUEST_URI=/yii/projectsima/index.php?r=Configuracion/Usuarios/UsuariosSima/admin
HTTP_REFERER=http://localhost/yii/projectsima/index.php
---
2014/07/01 15:52:39 [error] [exception.CHttpException.404] exception 'CHttpException' with message 'No es posible resolver la solicitud "Configuracion/Usuarios/UsuariosSima/admin"' in /var/www/yii/framework/web/CWebApplication.php:286
Stack trace:
#0 /var/www/yii/framework/web/CWebApplication.php(141): CWebApplication->runController('Configuracion/U...')
#1 /var/www/yii/framework/base/CApplication.php(169): CWebApplication->processRequest()
#2 /var/www/yii/projectsima/index.php(13): CApplication->run()
#3 {main}
REQUEST_URI=/yii/projectsima/index.php?r=Configuracion/Usuarios/UsuariosSima/admin
---
2014/07/01 15:52:43 [error] [exception.CHttpException.404] exception 'CHttpException' with message 'No es posible resolver la solicitud "Configuracion/Usuarios/UsuariosSima/admin"' in /var/www/yii/framework/web/CWebApplication.php:286
Stack trace:
#0 /var/www/yii/framework/web/CWebApplication.php(141): CWebApplication->runController('Configuracion/U...')
#1 /var/www/yii/framework/base/CApplication.php(169): CWebApplication->processRequest()
#2 /var/www/yii/projectsima/index.php(13): CApplication->run()
#3 {main}
REQUEST_URI=/yii/projectsima/index.php?r=Configuracion/Usuarios/UsuariosSima/admin
HTTP_REFERER=http://localhost/yii/projectsima/index.php
---
2014/07/02 08:59:39 [error] [exception.CException] exception 'CException' with message 'CatTipoSoporteController no ha podido encontrar la vista "index" solicitada.' in /var/www/yii/framework/web/CController.php:878
Stack trace:
#0 /var/www/yii/framework/web/CController.php(782): CController->renderPartial('index', Array, true)
#1 /var/www/yii/projectsima/protected/modules/ServiciosInstitucionales/modules/Sistemas/controllers/CatTipoSoporteController.php(106): CController->render('index', Array)
#2 /var/www/yii/framework/web/actions/CInlineAction.php(49): CatTipoSoporteController->actionIndex()
#3 /var/www/yii/framework/web/CController.php(308): CInlineAction->runWithParams(Array)
#4 /var/www/yii/framework/web/filters/CFilterChain.php(133): CController->runAction(Object(CInlineAction))
#5 /var/www/yii/projectsima/protected/modules/cruge/components/CrugeAccessControlFilter.php(90): CFilterChain->run()
#6 /var/www/yii/framework/web/filters/CFilter.php(38): CrugeAccessControlFilter->preFilter(Object(CFilterChain))
#7 /var/www/yii/framework/web/filters/CFilterChain.php(130): CFilter->filter(Object(CFilterChain))
#8 /var/www/yii/framework/web/CController.php(291): CFilterChain->run()
#9 /var/www/yii/framework/web/CController.php(265): CController->runActionWithFilters(Object(CInlineAction), Array)
#10 /var/www/yii/framework/web/CWebApplication.php(282): CController->run('index')
#11 /var/www/yii/framework/web/CWebApplication.php(141): CWebApplication->runController('ServiciosInstit...')
#12 /var/www/yii/framework/base/CApplication.php(169): CWebApplication->processRequest()
#13 /var/www/yii/projectsima/index.php(13): CApplication->run()
#14 {main}
REQUEST_URI=/yii/projectsima/index.php?r=ServiciosInstitucionales/Sistemas/catTipoSoporte/index
HTTP_REFERER=http://localhost/yii/projectsima/index.php?r=ServiciosInstitucionales/Sistemas/CatTipoSoporte/create&model=CatTipoSoporte
---
2014/07/02 09:03:51 [error] [exception.CException] exception 'CException' with message 'CatTipoSoporteController no ha podido encontrar la vista "index" solicitada.' in /var/www/yii/framework/web/CController.php:878
Stack trace:
#0 /var/www/yii/framework/web/CController.php(782): CController->renderPartial('index', Array, true)
#1 /var/www/yii/projectsima/protected/modules/ServiciosInstitucionales/modules/Sistemas/controllers/CatTipoSoporteController.php(106): CController->render('index', Array)
#2 /var/www/yii/framework/web/actions/CInlineAction.php(49): CatTipoSoporteController->actionIndex()
#3 /var/www/yii/framework/web/CController.php(308): CInlineAction->runWithParams(Array)
#4 /var/www/yii/framework/web/filters/CFilterChain.php(133): CController->runAction(Object(CInlineAction))
#5 /var/www/yii/projectsima/protected/modules/cruge/components/CrugeAccessControlFilter.php(90): CFilterChain->run()
#6 /var/www/yii/framework/web/filters/CFilter.php(38): CrugeAccessControlFilter->preFilter(Object(CFilterChain))
#7 /var/www/yii/framework/web/filters/CFilterChain.php(130): CFilter->filter(Object(CFilterChain))
#8 /var/www/yii/framework/web/CController.php(291): CFilterChain->run()
#9 /var/www/yii/framework/web/CController.php(265): CController->runActionWithFilters(Object(CInlineAction), Array)
#10 /var/www/yii/framework/web/CWebApplication.php(282): CController->run('index')
#11 /var/www/yii/framework/web/CWebApplication.php(141): CWebApplication->runController('ServiciosInstit...')
#12 /var/www/yii/framework/base/CApplication.php(169): CWebApplication->processRequest()
#13 /var/www/yii/projectsima/index.php(13): CApplication->run()
#14 {main}
REQUEST_URI=/yii/projectsima/index.php?r=ServiciosInstitucionales/Sistemas/catTipoSoporte/index
HTTP_REFERER=http://localhost/yii/projectsima/index.php?r=ServiciosInstitucionales/Sistemas/CatTipoSoporte/create&model=CatTipoSoporte
---
2014/07/02 09:03:58 [error] [exception.CException] exception 'CException' with message 'CatTipoSoporteController no ha podido encontrar la vista "index" solicitada.' in /var/www/yii/framework/web/CController.php:878
Stack trace:
#0 /var/www/yii/framework/web/CController.php(782): CController->renderPartial('index', Array, true)
#1 /var/www/yii/projectsima/protected/modules/ServiciosInstitucionales/modules/Sistemas/controllers/CatTipoSoporteController.php(106): CController->render('index', Array)
#2 /var/www/yii/framework/web/actions/CInlineAction.php(49): CatTipoSoporteController->actionIndex()
#3 /var/www/yii/framework/web/CController.php(308): CInlineAction->runWithParams(Array)
#4 /var/www/yii/framework/web/filters/CFilterChain.php(133): CController->runAction(Object(CInlineAction))
#5 /var/www/yii/projectsima/protected/modules/cruge/components/CrugeAccessControlFilter.php(90): CFilterChain->run()
#6 /var/www/yii/framework/web/filters/CFilter.php(38): CrugeAccessControlFilter->preFilter(Object(CFilterChain))
#7 /var/www/yii/framework/web/filters/CFilterChain.php(130): CFilter->filter(Object(CFilterChain))
#8 /var/www/yii/framework/web/CController.php(291): CFilterChain->run()
#9 /var/www/yii/framework/web/CController.php(265): CController->runActionWithFilters(Object(CInlineAction), Array)
#10 /var/www/yii/framework/web/CWebApplication.php(282): CController->run('index')
#11 /var/www/yii/framework/web/CWebApplication.php(141): CWebApplication->runController('ServiciosInstit...')
#12 /var/www/yii/framework/base/CApplication.php(169): CWebApplication->processRequest()
#13 /var/www/yii/projectsima/index.php(13): CApplication->run()
#14 {main}
REQUEST_URI=/yii/projectsima/index.php?r=ServiciosInstitucionales/Sistemas/catTipoSoporte/index
HTTP_REFERER=http://localhost/yii/projectsima/index.php?r=ServiciosInstitucionales/Sistemas/CatTipoSoporte/update&id=1
---
2014/07/02 09:04:02 [error] [exception.CException] exception 'CException' with message 'CatTipoSoporteController no ha podido encontrar la vista "index" solicitada.' in /var/www/yii/framework/web/CController.php:878
Stack trace:
#0 /var/www/yii/framework/web/CController.php(782): CController->renderPartial('index', Array, true)
#1 /var/www/yii/projectsima/protected/modules/ServiciosInstitucionales/modules/Sistemas/controllers/CatTipoSoporteController.php(106): CController->render('index', Array)
#2 /var/www/yii/framework/web/actions/CInlineAction.php(49): CatTipoSoporteController->actionIndex()
#3 /var/www/yii/framework/web/CController.php(308): CInlineAction->runWithParams(Array)
#4 /var/www/yii/framework/web/filters/CFilterChain.php(133): CController->runAction(Object(CInlineAction))
#5 /var/www/yii/projectsima/protected/modules/cruge/components/CrugeAccessControlFilter.php(90): CFilterChain->run()
#6 /var/www/yii/framework/web/filters/CFilter.php(38): CrugeAccessControlFilter->preFilter(Object(CFilterChain))
#7 /var/www/yii/framework/web/filters/CFilterChain.php(130): CFilter->filter(Object(CFilterChain))
#8 /var/www/yii/framework/web/CController.php(291): CFilterChain->run()
#9 /var/www/yii/framework/web/CController.php(265): CController->runActionWithFilters(Object(CInlineAction), Array)
#10 /var/www/yii/framework/web/CWebApplication.php(282): CController->run('index')
#11 /var/www/yii/framework/web/CWebApplication.php(141): CWebApplication->runController('ServiciosInstit...')
#12 /var/www/yii/framework/base/CApplication.php(169): CWebApplication->processRequest()
#13 /var/www/yii/projectsima/index.php(13): CApplication->run()
#14 {main}
REQUEST_URI=/yii/projectsima/index.php?r=ServiciosInstitucionales/Sistemas/catTipoSoporte/index
HTTP_REFERER=http://localhost/yii/projectsima/index.php?r=ServiciosInstitucionales/Sistemas/CatTipoSoporte/update&id=1
---
2014/07/02 12:06:58 [error] [exception.CException] exception 'CException' with message 'Propiedad "CActiveDataProvider"."defaultOrder" no se encuentra definida.' in /var/www/yii/framework/base/CComponent.php:173
Stack trace:
#0 /var/www/yii/projectsima/protected/modules/ServiciosInstitucionales/modules/Sistemas/controllers/OrdenesSoporteController.php(235): CComponent->__set('defaultOrder', 'fechaFinal')
#1 /var/www/yii/framework/web/actions/CInlineAction.php(49): OrdenesSoporteController->actionAdmin()
#2 /var/www/yii/framework/web/CController.php(308): CInlineAction->runWithParams(Array)
#3 /var/www/yii/framework/web/filters/CFilterChain.php(133): CController->runAction(Object(CInlineAction))
#4 /var/www/yii/projectsima/protected/modules/cruge/components/CrugeAccessControlFilter.php(90): CFilterChain->run()
#5 /var/www/yii/framework/web/filters/CFilter.php(38): CrugeAccessControlFilter->preFilter(Object(CFilterChain))
#6 /var/www/yii/framework/web/filters/CFilterChain.php(130): CFilter->filter(Object(CFilterChain))
#7 /var/www/yii/framework/web/CController.php(291): CFilterChain->run()
#8 /var/www/yii/framework/web/CController.php(265): CController->runActionWithFilters(Object(CInlineAction), Array)
#9 /var/www/yii/framework/web/CWebApplication.php(282): CController->run('admin')
#10 /var/www/yii/framework/web/CWebApplication.php(141): CWebApplication->runController('ServiciosInstit...')
#11 /var/www/yii/framework/base/CApplication.php(169): CWebApplication->processRequest()
#12 /var/www/yii/projectsima/index.php(13): CApplication->run()
#13 {main}
REQUEST_URI=/yii/projectsima/index.php?r=ServiciosInstitucionales/Sistemas/OrdenesSoporte/admin
---
2014/07/02 12:08:03 [error] [exception.CException] exception 'CException' with message 'CActiveDataProvider y sus behaviors no tienen un método o closure llamado "search".' in /var/www/yii/framework/base/CComponent.php:265
Stack trace:
#0 /var/www/yii/projectsima/protected/modules/ServiciosInstitucionales/modules/Sistemas/controllers/OrdenesSoporteController.php(246): CComponent->__call('search', Array)
#1 /var/www/yii/projectsima/protected/modules/ServiciosInstitucionales/modules/Sistemas/controllers/OrdenesSoporteController.php(246): CActiveDataProvider->search()
#2 /var/www/yii/framework/web/actions/CInlineAction.php(49): OrdenesSoporteController->actionAdmin()
#3 /var/www/yii/framework/web/CController.php(308): CInlineAction->runWithParams(Array)
#4 /var/www/yii/framework/web/filters/CFilterChain.php(133): CController->runAction(Object(CInlineAction))
#5 /var/www/yii/projectsima/protected/modules/cruge/components/CrugeAccessControlFilter.php(90): CFilterChain->run()
#6 /var/www/yii/framework/web/filters/CFilter.php(38): CrugeAccessControlFilter->preFilter(Object(CFilterChain))
#7 /var/www/yii/framework/web/filters/CFilterChain.php(130): CFilter->filter(Object(CFilterChain))
#8 /var/www/yii/framework/web/CController.php(291): CFilterChain->run()
#9 /var/www/yii/framework/web/CController.php(265): CController->runActionWithFilters(Object(CInlineAction), Array)
#10 /var/www/yii/framework/web/CWebApplication.php(282): CController->run('admin')
#11 /var/www/yii/framework/web/CWebApplication.php(141): CWebApplication->runController('ServiciosInstit...')
#12 /var/www/yii/framework/base/CApplication.php(169): CWebApplication->processRequest()
#13 /var/www/yii/projectsima/index.php(13): CApplication->run()
#14 {main}
REQUEST_URI=/yii/projectsima/index.php?r=ServiciosInstitucionales/Sistemas/OrdenesSoporte/admin
---
2014/07/02 12:08:18 [error] [php] Attempt to assign property of non-object (/var/www/yii/framework/web/CActiveDataProvider.php:115)
Stack trace:
#0 /var/www/yii/framework/zii/widgets/CBaseListView.php(107): CActiveDataProvider->getData()
#1 /var/www/yii/framework/zii/widgets/grid/CGridView.php(314): CGridView->init()
#2 /var/www/yii/framework/web/CBaseController.php(147): CGridView->init()
#3 /var/www/yii/framework/web/CBaseController.php(172): OrdenesSoporteController->createWidget()
#4 /var/www/yii/projectsima/protected/modules/ServiciosInstitucionales/modules/Sistemas/views/ordenesSoporte/adminListTerminadas.php(66): OrdenesSoporteController->widget()
#5 /var/www/yii/framework/web/CBaseController.php(126): require()
#6 /var/www/yii/framework/web/CBaseController.php(95): OrdenesSoporteController->renderInternal()
#7 /var/www/yii/framework/web/CController.php(869): OrdenesSoporteController->renderFile()
#8 /var/www/yii/projectsima/protected/modules/ServiciosInstitucionales/modules/Sistemas/views/ordenesSoporte/admin.php(25): OrdenesSoporteController->renderPartial()
#9 /var/www/yii/framework/web/CBaseController.php(126): require()
#10 /var/www/yii/framework/web/CBaseController.php(95): OrdenesSoporteController->renderInternal()
#11 /var/www/yii/framework/web/CController.php(869): OrdenesSoporteController->renderFile()
#12 /var/www/yii/framework/web/CController.php(782): OrdenesSoporteController->renderPartial()
#13 /var/www/yii/projectsima/protected/modules/ServiciosInstitucionales/modules/Sistemas/controllers/OrdenesSoporteController.php(247): OrdenesSoporteController->render()
#14 /var/www/yii/framework/web/actions/CInlineAction.php(49): OrdenesSoporteController->actionAdmin()
#15 /var/www/yii/framework/web/CController.php(308): CInlineAction->runWithParams()
#16 /var/www/yii/framework/web/filters/CFilterChain.php(133): OrdenesSoporteController->runAction()
#17 /var/www/yii/projectsima/protected/modules/cruge/components/CrugeAccessControlFilter.php(90): CFilterChain->run()
#18 /var/www/yii/framework/web/filters/CFilter.php(38): CrugeAccessControlFilter->preFilter()
#19 /var/www/yii/framework/web/filters/CFilterChain.php(130): CrugeAccessControlFilter->filter()
#20 /var/www/yii/framework/web/CController.php(291): CFilterChain->run()
#21 /var/www/yii/framework/web/CController.php(265): OrdenesSoporteController->runActionWithFilters()
#22 /var/www/yii/framework/web/CWebApplication.php(282): OrdenesSoporteController->run()
#23 /var/www/yii/framework/web/CWebApplication.php(141): CWebApplication->runController()
#24 /var/www/yii/framework/base/CApplication.php(169): CWebApplication->processRequest()
#25 /var/www/yii/projectsima/index.php(13): CWebApplication->run()
REQUEST_URI=/yii/projectsima/index.php?r=ServiciosInstitucionales/Sistemas/OrdenesSoporte/admin
in /var/www/yii/projectsima/protected/modules/ServiciosInstitucionales/modules/Sistemas/views/ordenesSoporte/adminListTerminadas.php (66)
in /var/www/yii/projectsima/protected/modules/ServiciosInstitucionales/modules/Sistemas/views/ordenesSoporte/admin.php (25)
in /var/www/yii/projectsima/protected/modules/ServiciosInstitucionales/modules/Sistemas/controllers/OrdenesSoporteController.php (247)
2014/07/02 12:09:27 [error] [php] Attempt to assign property of non-object (/var/www/yii/framework/web/CActiveDataProvider.php:115)
Stack trace:
#0 /var/www/yii/framework/zii/widgets/CBaseListView.php(107): CActiveDataProvider->getData()
#1 /var/www/yii/framework/zii/widgets/grid/CGridView.php(314): CGridView->init()
#2 /var/www/yii/framework/web/CBaseController.php(147): CGridView->init()
#3 /var/www/yii/framework/web/CBaseController.php(172): OrdenesSoporteController->createWidget()
#4 /var/www/yii/projectsima/protected/modules/ServiciosInstitucionales/modules/Sistemas/views/ordenesSoporte/adminListTerminadas.php(66): OrdenesSoporteController->widget()
#5 /var/www/yii/framework/web/CBaseController.php(126): require()
#6 /var/www/yii/framework/web/CBaseController.php(95): OrdenesSoporteController->renderInternal()
#7 /var/www/yii/framework/web/CController.php(869): OrdenesSoporteController->renderFile()
#8 /var/www/yii/projectsima/protected/modules/ServiciosInstitucionales/modules/Sistemas/views/ordenesSoporte/admin.php(25): OrdenesSoporteController->renderPartial()
#9 /var/www/yii/framework/web/CBaseController.php(126): require()
#10 /var/www/yii/framework/web/CBaseController.php(95): OrdenesSoporteController->renderInternal()
#11 /var/www/yii/framework/web/CController.php(869): OrdenesSoporteController->renderFile()
#12 /var/www/yii/framework/web/CController.php(782): OrdenesSoporteController->renderPartial()
#13 /var/www/yii/projectsima/protected/modules/ServiciosInstitucionales/modules/Sistemas/controllers/OrdenesSoporteController.php(247): OrdenesSoporteController->render()
#14 /var/www/yii/framework/web/actions/CInlineAction.php(49): OrdenesSoporteController->actionAdmin()
#15 /var/www/yii/framework/web/CController.php(308): CInlineAction->runWithParams()
#16 /var/www/yii/framework/web/filters/CFilterChain.php(133): OrdenesSoporteController->runAction()
#17 /var/www/yii/projectsima/protected/modules/cruge/components/CrugeAccessControlFilter.php(90): CFilterChain->run()
#18 /var/www/yii/framework/web/filters/CFilter.php(38): CrugeAccessControlFilter->preFilter()
#19 /var/www/yii/framework/web/filters/CFilterChain.php(130): CrugeAccessControlFilter->filter()
#20 /var/www/yii/framework/web/CController.php(291): CFilterChain->run()
#21 /var/www/yii/framework/web/CController.php(265): OrdenesSoporteController->runActionWithFilters()
#22 /var/www/yii/framework/web/CWebApplication.php(282): OrdenesSoporteController->run()
#23 /var/www/yii/framework/web/CWebApplication.php(141): CWebApplication->runController()
#24 /var/www/yii/framework/base/CApplication.php(169): CWebApplication->processRequest()
#25 /var/www/yii/projectsima/index.php(13): CWebApplication->run()
REQUEST_URI=/yii/projectsima/index.php?r=ServiciosInstitucionales/Sistemas/OrdenesSoporte/admin
in /var/www/yii/projectsima/protected/modules/ServiciosInstitucionales/modules/Sistemas/views/ordenesSoporte/adminListTerminadas.php (66)
in /var/www/yii/projectsima/protected/modules/ServiciosInstitucionales/modules/Sistemas/views/ordenesSoporte/admin.php (25)
in /var/www/yii/projectsima/protected/modules/ServiciosInstitucionales/modules/Sistemas/controllers/OrdenesSoporteController.php (247)
2014/07/02 12:23:44 [error] [php] Object of class CSort could not be converted to string (/var/www/yii/projectsima/protected/modules/ServiciosInstitucionales/modules/Sistemas/controllers/OrdenesSoporteController.php:235)
Stack trace:
#0 /var/www/yii/framework/web/filters/CFilterChain.php(133): OrdenesSoporteController->runAction()
#1 /var/www/yii/projectsima/protected/modules/cruge/components/CrugeAccessControlFilter.php(90): CFilterChain->run()
#2 /var/www/yii/framework/web/filters/CFilter.php(38): CrugeAccessControlFilter->preFilter()
#3 /var/www/yii/framework/web/filters/CFilterChain.php(130): CrugeAccessControlFilter->filter()
#4 /var/www/yii/framework/web/CController.php(291): CFilterChain->run()
#5 /var/www/yii/framework/web/CController.php(265): OrdenesSoporteController->runActionWithFilters()
#6 /var/www/yii/framework/web/CWebApplication.php(282): OrdenesSoporteController->run()
#7 /var/www/yii/framework/web/CWebApplication.php(141): CWebApplication->runController()
#8 /var/www/yii/framework/base/CApplication.php(169): CWebApplication->processRequest()
#9 /var/www/yii/projectsima/index.php(13): CWebApplication->run()
REQUEST_URI=/yii/projectsima/index.php?r=ServiciosInstitucionales/Sistemas/OrdenesSoporte/admin
in /var/www/yii/projectsima/protected/modules/ServiciosInstitucionales/modules/Sistemas/controllers/OrdenesSoporteController.php (235)
in /var/www/yii/projectsima/protected/modules/cruge/components/CrugeAccessControlFilter.php (90)
in /var/www/yii/projectsima/index.php (13)
2014/07/02 12:25:41 [error] [php] Attempt to assign property of non-object (/var/www/yii/framework/web/CActiveDataProvider.php:115)
Stack trace:
#0 /var/www/yii/framework/zii/widgets/CBaseListView.php(107): CActiveDataProvider->getData()
#1 /var/www/yii/framework/zii/widgets/grid/CGridView.php(314): CGridView->init()
#2 /var/www/yii/framework/web/CBaseController.php(147): CGridView->init()
#3 /var/www/yii/framework/web/CBaseController.php(172): OrdenesSoporteController->createWidget()
#4 /var/www/yii/projectsima/protected/modules/ServiciosInstitucionales/modules/Sistemas/views/ordenesSoporte/adminListTerminadas.php(66): OrdenesSoporteController->widget()
#5 /var/www/yii/framework/web/CBaseController.php(126): require()
#6 /var/www/yii/framework/web/CBaseController.php(95): OrdenesSoporteController->renderInternal()
#7 /var/www/yii/framework/web/CController.php(869): OrdenesSoporteController->renderFile()
#8 /var/www/yii/projectsima/protected/modules/ServiciosInstitucionales/modules/Sistemas/views/ordenesSoporte/admin.php(25): OrdenesSoporteController->renderPartial()
#9 /var/www/yii/framework/web/CBaseController.php(126): require()
#10 /var/www/yii/framework/web/CBaseController.php(95): OrdenesSoporteController->renderInternal()
#11 /var/www/yii/framework/web/CController.php(869): OrdenesSoporteController->renderFile()
#12 /var/www/yii/framework/web/CController.php(782): OrdenesSoporteController->renderPartial()
#13 /var/www/yii/projectsima/protected/modules/ServiciosInstitucionales/modules/Sistemas/controllers/OrdenesSoporteController.php(247): OrdenesSoporteController->render()
#14 /var/www/yii/framework/web/actions/CInlineAction.php(49): OrdenesSoporteController->actionAdmin()
#15 /var/www/yii/framework/web/CController.php(308): CInlineAction->runWithParams()
#16 /var/www/yii/framework/web/filters/CFilterChain.php(133): OrdenesSoporteController->runAction()
#17 /var/www/yii/projectsima/protected/modules/cruge/components/CrugeAccessControlFilter.php(90): CFilterChain->run()
#18 /var/www/yii/framework/web/filters/CFilter.php(38): CrugeAccessControlFilter->preFilter()
#19 /var/www/yii/framework/web/filters/CFilterChain.php(130): CrugeAccessControlFilter->filter()
#20 /var/www/yii/framework/web/CController.php(291): CFilterChain->run()
#21 /var/www/yii/framework/web/CController.php(265): OrdenesSoporteController->runActionWithFilters()
#22 /var/www/yii/framework/web/CWebApplication.php(282): OrdenesSoporteController->run()
#23 /var/www/yii/framework/web/CWebApplication.php(141): CWebApplication->runController()
#24 /var/www/yii/framework/base/CApplication.php(169): CWebApplication->processRequest()
#25 /var/www/yii/projectsima/index.php(13): CWebApplication->run()
REQUEST_URI=/yii/projectsima/index.php?r=ServiciosInstitucionales/Sistemas/OrdenesSoporte/admin
in /var/www/yii/projectsima/protected/modules/ServiciosInstitucionales/modules/Sistemas/views/ordenesSoporte/adminListTerminadas.php (66)
in /var/www/yii/projectsima/protected/modules/ServiciosInstitucionales/modules/Sistemas/views/ordenesSoporte/admin.php (25)
in /var/www/yii/projectsima/protected/modules/ServiciosInstitucionales/modules/Sistemas/controllers/OrdenesSoporteController.php (247)
2014/07/02 12:35:12 [error] [exception.CException] exception 'CException' with message 'Propiedad "CActiveDataProvider"."countCriteria" no se encuentra definida.' in /var/www/yii/framework/base/CComponent.php:173
Stack trace:
#0 /var/www/yii/framework/web/CActiveDataProvider.php(83): CComponent->__set('countCriteria', Array)
#1 /var/www/yii/projectsima/protected/modules/ServiciosInstitucionales/modules/Sistemas/controllers/OrdenesSoporteController.php(253): CActiveDataProvider->__construct('OrdenesSoporte', Array)
#2 /var/www/yii/framework/web/actions/CInlineAction.php(49): OrdenesSoporteController->actionAdmin()
#3 /var/www/yii/framework/web/CController.php(308): CInlineAction->runWithParams(Array)
#4 /var/www/yii/framework/web/filters/CFilterChain.php(133): CController->runAction(Object(CInlineAction))
#5 /var/www/yii/projectsima/protected/modules/cruge/components/CrugeAccessControlFilter.php(90): CFilterChain->run()
#6 /var/www/yii/framework/web/filters/CFilter.php(38): CrugeAccessControlFilter->preFilter(Object(CFilterChain))
#7 /var/www/yii/framework/web/filters/CFilterChain.php(130): CFilter->filter(Object(CFilterChain))
#8 /var/www/yii/framework/web/CController.php(291): CFilterChain->run()
#9 /var/www/yii/framework/web/CController.php(265): CController->runActionWithFilters(Object(CInlineAction), Array)
#10 /var/www/yii/framework/web/CWebApplication.php(282): CController->run('admin')
#11 /var/www/yii/framework/web/CWebApplication.php(141): CWebApplication->runController('ServiciosInstit...')
#12 /var/www/yii/framework/base/CApplication.php(169): CWebApplication->processRequest()
#13 /var/www/yii/projectsima/index.php(13): CApplication->run()
#14 {main}
REQUEST_URI=/yii/projectsima/index.php?r=ServiciosInstitucionales/Sistemas/OrdenesSoporte/admin
---
2014/07/02 12:52:58 [error] [system.db.CDbCommand] CDbCommand::fetchAll() falló: SQLSTATE[42S22]: Column not found: 1054 Unknown column 'almacenSopore' in 'where clause'. La sentencia SQL ejecutada fue: 
		 Select almacen, COUNT(*) as num from  sima.sis_ordenesSOP where almacenSopore="HSIST" group by almacen order by num
	.
in /var/www/yii/projectsima/protected/modules/ServiciosInstitucionales/modules/Sistemas/views/ordenesSoporte/reportes.php (7)
in /var/www/yii/projectsima/protected/modules/ServiciosInstitucionales/modules/Sistemas/views/ordenesSoporte/admin.php (27)
in /var/www/yii/projectsima/protected/modules/ServiciosInstitucionales/modules/Sistemas/controllers/OrdenesSoporteController.php (259)
2014/07/02 12:52:58 [error] [exception.CDbException] exception 'CDbException' with message 'CDbCommand falló al ejecutar la sentencia SQL: SQLSTATE[42S22]: Column not found: 1054 Unknown column 'almacenSopore' in 'where clause'. The SQL statement executed was: 
		 Select almacen, COUNT(*) as num from  sima.sis_ordenesSOP where almacenSopore="HSIST" group by almacen order by num
	' in /var/www/yii/framework/db/CDbCommand.php:541
Stack trace:
#0 /var/www/yii/framework/db/CDbCommand.php(395): CDbCommand->queryInternal('fetchAll', Array, Array)
#1 /var/www/yii/projectsima/protected/modules/ServiciosInstitucionales/modules/Sistemas/views/ordenesSoporte/reportes.php(7): CDbCommand->queryAll()
#2 /var/www/yii/framework/web/CBaseController.php(126): require('/var/www/yii/pr...')
#3 /var/www/yii/framework/web/CBaseController.php(95): CBaseController->renderInternal('/var/www/yii/pr...', Array, true)
#4 /var/www/yii/framework/web/CController.php(869): CBaseController->renderFile('/var/www/yii/pr...', Array, true)
#5 /var/www/yii/projectsima/protected/modules/ServiciosInstitucionales/modules/Sistemas/views/ordenesSoporte/admin.php(27): CController->renderPartial('reportes', Array, true)
#6 /var/www/yii/framework/web/CBaseController.php(126): require('/var/www/yii/pr...')
#7 /var/www/yii/framework/web/CBaseController.php(95): CBaseController->renderInternal('/var/www/yii/pr...', Array, true)
#8 /var/www/yii/framework/web/CController.php(869): CBaseController->renderFile('/var/www/yii/pr...', Array, true)
#9 /var/www/yii/framework/web/CController.php(782): CController->renderPartial('admin', Array, true)
#10 /var/www/yii/projectsima/protected/modules/ServiciosInstitucionales/modules/Sistemas/controllers/OrdenesSoporteController.php(259): CController->render('admin', Array)
#11 /var/www/yii/framework/web/actions/CInlineAction.php(49): OrdenesSoporteController->actionAdmin()
#12 /var/www/yii/framework/web/CController.php(308): CInlineAction->runWithParams(Array)
#13 /var/www/yii/framework/web/filters/CFilterChain.php(133): CController->runAction(Object(CInlineAction))
#14 /var/www/yii/projectsima/protected/modules/cruge/components/CrugeAccessControlFilter.php(90): CFilterChain->run()
#15 /var/www/yii/framework/web/filters/CFilter.php(38): CrugeAccessControlFilter->preFilter(Object(CFilterChain))
#16 /var/www/yii/framework/web/filters/CFilterChain.php(130): CFilter->filter(Object(CFilterChain))
#17 /var/www/yii/framework/web/CController.php(291): CFilterChain->run()
#18 /var/www/yii/framework/web/CController.php(265): CController->runActionWithFilters(Object(CInlineAction), Array)
#19 /var/www/yii/framework/web/CWebApplication.php(282): CController->run('admin')
#20 /var/www/yii/framework/web/CWebApplication.php(141): CWebApplication->runController('ServiciosInstit...')
#21 /var/www/yii/framework/base/CApplication.php(169): CWebApplication->processRequest()
#22 /var/www/yii/projectsima/index.php(13): CApplication->run()
#23 {main}
REQUEST_URI=/yii/projectsima/index.php?r=ServiciosInstitucionales/Sistemas/OrdenesSoporte/admin
---
